<?xml version="1.0" encoding="UTF-8"?>
<testsuite name="SalaryCalculatorTest" tests="11" skipped="0" failures="0" errors="0" timestamp="2024-04-20T14:32:05" hostname="LUIS" time="0.204">
  <properties/>
  <testcase name="The bonusForProductsSold method returns the right result" classname="SalaryCalculatorTest" time="0.141"/>
  <testcase name="The finalSalary method returns the correct result capped at maximum salary" classname="SalaryCalculatorTest" time="0.004"/>
  <testcase name="The finalSalary method returns the regular salary without multiplier and bonus" classname="SalaryCalculatorTest" time="0.003"/>
  <testcase name="The bonusMultiplier method returns 10 when productsSold is below the threshold" classname="SalaryCalculatorTest" time="0.013"/>
  <testcase name="The bonusMultiplier method returns 13 when productsSold is equal to the threshold" classname="SalaryCalculatorTest" time="0.003"/>
  <testcase name="The bonusMultiplier method returns 13 when productsSold is above the threshold" classname="SalaryCalculatorTest" time="0.003"/>
  <testcase name="The salaryMultiplier method returns 1.0 when daysSkipped is below the threshold" classname="SalaryCalculatorTest" time="0.002"/>
  <testcase name="The salaryMultiplier method returns 0.85 when daysSkipped is equal to the threshold" classname="SalaryCalculatorTest" time="0.002"/>
  <testcase name="The bonusMultiplier method returns 0.85 when daysSkipped is above the threshold" classname="SalaryCalculatorTest" time="0.002"/>
  <testcase name="The finalSalary method returns the correct result when daysSkipped above threshold" classname="SalaryCalculatorTest" time="0.002"/>
  <testcase name="The finalSalary method returns the correct result when daysSkipped and productsSold below threshold" classname="SalaryCalculatorTest" time="0.003"/>
  <system-out><![CDATA[]]></system-out>
  <system-err><![CDATA[]]></system-err>
</testsuite>
