<?xml version="1.0" encoding="UTF-8"?>
<testsuite name="CaptainsLogTest" tests="1" skipped="0" failures="0" errors="0" timestamp="2024-06-04T14:57:58" hostname="LUIS" time="0.161">
  <properties/>
  <testcase name="Generating a random ship registry number" classname="CaptainsLogTest" time="0.161"/>
  <system-out><![CDATA[]]></system-out>
  <system-err><![CDATA[]]></system-err>
</testsuite>
